{
  "RSpec": {
    "coverage": {
      "/home/ihor/proba/simple_api/config/environment.rb": [
        null,
        null,
        null,
        1,
        null,
        null,
        1
      ],
      "/home/ihor/proba/simple_api/config/application.rb": [
        null,
        null,
        1,
        null,
        1,
        null,
        1,
        1,
        1,
        1,
        1,
        1,
        1,
        1,
        null,
        1,
        null,
        null,
        null,
        1,
        null,
        1,
        1,
        null,
        1,
        null,
        null,
        null,
        null,
        null,
        1,
        null,
        null,
        null,
        null,
        1,
        null,
        1,
        1,
        1,
        1,
        null,
        null
      ],
      "/home/ihor/proba/simple_api/config/boot.rb": [
        null,
        null,
        1,
        null,
        1,
        1
      ],
      "/home/ihor/proba/simple_api/config/environments/test.rb": [
        null,
        null,
        1,
        null,
        null,
        null,
        null,
        null,
        null,
        1,
        null,
        null,
        null,
        null,
        1,
        null,
        null,
        1,
        1,
        null,
        null,
        null,
        null,
        1,
        1,
        null,
        null,
        1,
        null,
        null,
        1,
        null,
        null,
        1,
        null,
        1,
        null,
        null,
        null,
        null,
        1,
        null,
        null,
        1,
        null,
        null,
        null,
        null
      ],
      "/home/ihor/proba/simple_api/config/initializers/application_controller_renderer.rb": [
        null,
        null,
        null,
        null,
        null,
        null,
        null,
        null,
        null,
        null
      ],
      "/home/ihor/proba/simple_api/config/initializers/backtrace_silencers.rb": [
        null,
        null,
        null,
        null,
        null,
        null,
        null,
        null,
        null
      ],
      "/home/ihor/proba/simple_api/config/initializers/cors.rb": [
        null,
        null,
        null,
        null,
        null,
        null,
        null,
        null,
        null,
        null,
        null,
        null,
        null,
        null,
        null,
        null,
        null,
        null
      ],
      "/home/ihor/proba/simple_api/config/initializers/filter_parameter_logging.rb": [
        null,
        null,
        null,
        null,
        null,
        1
      ],
      "/home/ihor/proba/simple_api/config/initializers/inflections.rb": [
        null,
        null,
        null,
        null,
        null,
        null,
        null,
        null,
        null,
        null,
        null,
        null,
        null,
        null,
        null,
        null,
        null,
        null
      ],
      "/home/ihor/proba/simple_api/config/initializers/mime_types.rb": [
        null,
        null,
        null,
        null,
        null,
        null
      ],
      "/home/ihor/proba/simple_api/config/initializers/rspec_api_documentation.rb": [
        null,
        null,
        1,
        1,
        1,
        1,
        1,
        1,
        1,
        1,
        null
      ],
      "/home/ihor/proba/simple_api/config/initializers/swagger_ui_engine.rb": [
        null,
        null,
        1,
        1,
        1,
        null
      ],
      "/home/ihor/proba/simple_api/config/initializers/wrap_parameters.rb": [
        null,
        null,
        null,
        null,
        null,
        null,
        null,
        null,
        1,
        2,
        null,
        null,
        null,
        null,
        null,
        null
      ],
      "/home/ihor/proba/simple_api/spec/factories/user.rb": [
        null,
        null,
        1,
        1,
        10,
        10,
        null,
        null
      ],
      "/home/ihor/proba/simple_api/config/routes.rb": [
        null,
        null,
        1,
        1,
        1,
        1,
        1,
        1,
        null
      ],
      "/home/ihor/proba/simple_api/spec/support/request_helpers.rb": [
        null,
        null,
        1,
        1,
        1,
        0,
        null,
        null,
        null
      ],
      "/home/ihor/proba/simple_api/spec/support/auth_helpers.rb": [
        null,
        null,
        1,
        1,
        5,
        null,
        null,
        1,
        4,
        null,
        null
      ],
      "/home/ihor/proba/simple_api/spec/acceptance/users_spec.rb": [
        null,
        null,
        null,
        null,
        null,
        null,
        null,
        null,
        null,
        null,
        null,
        null,
        null,
        null,
        null,
        null,
        null,
        null,
        null,
        null,
        null,
        null,
        null,
        null,
        null,
        null,
        null,
        null,
        null,
        null,
        null,
        null,
        null,
        null,
        null,
        null,
        null,
        null,
        null,
        null,
        null,
        null,
        null,
        null,
        null,
        null,
        null,
        null
      ],
      "/home/ihor/proba/simple_api/spec/controllers/product_controller_spec.rb": [
        1,
        1,
        null,
        1,
        10,
        10,
        6,
        null,
        1,
        5,
        null,
        1,
        2,
        1,
        1,
        null,
        null,
        null,
        1,
        2,
        1,
        1,
        null,
        null,
        null,
        1,
        2,
        1,
        1,
        null,
        null,
        null,
        1,
        2,
        1,
        1,
        null,
        null,
        null,
        null,
        null,
        1,
        null,
        6,
        null,
        1,
        null,
        2,
        1,
        1,
        1,
        null,
        null,
        null,
        1,
        2,
        1,
        1,
        1,
        null,
        null,
        null,
        1,
        1,
        1,
        1,
        1,
        1,
        null,
        null,
        null,
        1,
        1,
        1,
        1,
        1,
        1,
        null,
        null,
        null,
        1,
        2,
        1,
        1,
        1,
        null,
        null,
        null,
        null,
        null,
        null
      ],
      "/home/ihor/proba/simple_api/spec/rails_helper.rb": [
        null,
        null,
        null,
        1,
        1,
        null,
        1,
        1,
        null,
        1,
        1,
        null,
        null,
        null,
        null,
        null,
        null,
        null,
        null,
        null,
        null,
        null,
        null,
        null,
        null,
        null,
        null,
        null,
        null,
        null,
        null,
        1,
        null,
        0,
        0,
        null,
        1,
        null,
        1,
        null,
        null,
        null,
        null,
        1,
        null,
        null,
        null,
        null,
        null,
        null,
        null,
        null,
        null,
        null,
        null,
        null,
        null,
        null,
        1,
        null,
        null,
        1,
        null,
        null,
        null
      ],
      "/home/ihor/proba/simple_api/app/controllers/products_controller.rb": [
        null,
        null,
        1,
        1,
        null,
        null,
        1,
        1,
        null,
        1,
        null,
        null,
        null,
        1,
        1,
        null,
        null,
        null,
        1,
        1,
        null,
        1,
        1,
        null,
        0,
        null,
        null,
        null,
        null,
        1,
        1,
        1,
        null,
        0,
        null,
        null,
        null,
        null,
        1,
        1,
        null,
        null,
        1,
        null,
        null,
        1,
        3,
        null,
        null,
        null,
        1,
        2,
        null,
        null
      ],
      "/home/ihor/proba/simple_api/app/controllers/application_controller.rb": [
        null,
        null,
        1,
        1,
        1,
        null,
        1,
        null,
        1,
        9,
        9,
        9,
        null,
        null
      ],
      "/home/ihor/proba/simple_api/app/models/user.rb": [
        null,
        null,
        1,
        1,
        null,
        null,
        null
      ],
      "/home/ihor/proba/simple_api/app/models/application_record.rb": [
        null,
        null,
        1,
        1,
        null
      ],
      "/home/ihor/proba/simple_api/app/models/product.rb": [
        null,
        null,
        1,
        null
      ],
      "/home/ihor/proba/simple_api/app/services/authorize_api_request.rb": [
        null,
        null,
        1,
        1,
        null,
        1,
        9,
        null,
        null,
        1,
        9,
        null,
        null,
        1,
        null,
        1,
        9,
        9,
        null,
        null,
        1,
        14,
        null,
        null,
        1,
        9,
        5,
        null,
        4,
        null,
        null,
        null,
        null,
        null
      ],
      "/home/ihor/proba/simple_api/app/services/application_service.rb": [
        null,
        null,
        1,
        null,
        null,
        null,
        1,
        1,
        9,
        null,
        null,
        null,
        1,
        1,
        9,
        9,
        null,
        null,
        1,
        0,
        null,
        null,
        1,
        0,
        null,
        null,
        1,
        12,
        null,
        null,
        1,
        0,
        null,
        null
      ],
      "/home/ihor/proba/simple_api/lib/json_web_token.rb": [
        null,
        null,
        1,
        1,
        1,
        5,
        5,
        null,
        null,
        1,
        9,
        5,
        null,
        0,
        null,
        4,
        null,
        null
      ],
      "/home/ihor/proba/simple_api/lib/errors.rb": [
        null,
        null,
        1,
        1,
        8,
        8,
        8,
        null,
        null,
        1,
        0,
        0,
        null,
        null,
        null,
        1,
        4,
        12,
        null,
        null,
        null
      ]
    },
    "timestamp": 1568016506
  }
}
